<?xml version="1.0" encoding="UTF-8"?>
<!-- Generated by org.testng.reporters.JUnitReportReporter -->
<testsuite hostname="TeenaDellPC" failures="0" tests="5" name="com.testng.testcases.LoginTest" time="22.375" errors="0" timestamp="2024-12-14T09:32:05 EST" skipped="0">
  <testcase classname="com.testng.testcases.LoginTest" name="logInNoPassword" time="2.999"/>
  <testcase classname="com.testng.testcases.LoginTest" name="loginValidUserName" time="6.148"/>
  <testcase classname="com.testng.testcases.LoginTest" name="remeberMeCheckBox" time="7.134"/>
  <testcase classname="com.testng.testcases.LoginTest" name="forgotPassword4a" time="3.054"/>
  <testcase classname="com.testng.testcases.LoginTest" name="forgotPassword4b" time="3.040"/>
</testsuite> <!-- com.testng.testcases.LoginTest -->
