<?xml version="1.0" encoding="UTF-8"?>
<!-- Generated by org.testng.reporters.JUnitReportReporter -->
<testsuite hostname="TeenaDellPC" failures="0" tests="1" name="com.testng.testcases.UserMenuTest" time="10.053" errors="0" timestamp="2024-12-15T11:03:13 EST" skipped="0">
  <testcase classname="com.testng.testcases.UserMenuTest" name="logOut" time="10.053"/>
</testsuite> <!-- com.testng.testcases.UserMenuTest -->
