<?xml version="1.0" encoding="UTF-8"?>
<!-- Generated by org.testng.reporters.JUnitReportReporter -->
<testsuite hostname="TeenaDellPC" failures="0" tests="5" name="com.testng.testcases.LoginTest" time="30.975" errors="0" timestamp="2024-12-14T13:48:18 EST" skipped="0">
  <testcase classname="com.testng.testcases.LoginTest" name="logInNoPassword" time="4.884"/>
  <testcase classname="com.testng.testcases.LoginTest" name="loginValidUserName" time="8.820"/>
  <testcase classname="com.testng.testcases.LoginTest" name="remeberMeCheckBox" time="7.659"/>
  <testcase classname="com.testng.testcases.LoginTest" name="forgotPassword4a" time="4.575"/>
  <testcase classname="com.testng.testcases.LoginTest" name="forgotPassword4b" time="5.037"/>
</testsuite> <!-- com.testng.testcases.LoginTest -->
